# JRE version: Java(TM) SE Runtime Environment (21.0.5+9) (build 21.0.5+9-LTS-239)
# Java VM: Java HotSpot(TM) 64-Bit Server VM (21.0.5+9-LTS-239, mixed mode, emulated-client, sharing, tiered, compressed oops, compressed class ptrs, g1 gc, windows-amd64)
GC Precious Log:
 CardTable entry size: 512
 Card Set container configuration: InlinePtr #cards 5 size 8 Array Of Cards #cards 12 size 40 Howl #buckets 4 coarsen threshold 1843 Howl Bitmap #cards 512 size 80 coarsen threshold 460 Card regions per heap region 1 cards per card region 2048
 CPUs: 4 total, 4 available
 Memory: 8112M
 Large Page Support: Disabled
 NUMA Support: Disabled
 Compressed Oops: Enabled (32-bit)
 Heap Region Size: 1M
 Heap Min Capacity: 8M
 Heap Initial Capacity: 128M
 Heap Max Capacity: 2030M
 Pre-touch: Disabled
 Parallel Workers: 4
 Concurrent Workers: 1
 Concurrent Refinement Workers: 4
 Periodic GC: Disabled
Heap:
 garbage-first heap   total 124928K, used 113773K [0x0000000081200000, 0x0000000100000000)
  region size 1024K, 56 young (57344K), 3 survivors (3072K)
 Metaspace       used 94672K, committed 95680K, reserved 1179648K
  class space    used 13412K, committed 13888K, reserved 1048576K
GC Heap History (20 events):
Event: 88.148 GC heap after
{Heap after GC invocations=31 (full 0):
 garbage-first heap   total 124928K, used 50723K [0x0000000081200000, 0x0000000100000000)
  region size 1024K, 5 young (5120K), 5 survivors (5120K)
 Metaspace       used 92570K, committed 93504K, reserved 1179648K
  class space    used 13223K, committed 13632K, reserved 1048576K
}
Event: 438.189 GC heap before
{Heap before GC invocations=32 (full 0):
 garbage-first heap   total 124928K, used 102947K [0x0000000081200000, 0x0000000100000000)
  region size 1024K, 57 young (58368K), 5 survivors (5120K)
 Metaspace       used 92629K, committed 93568K, reserved 1179648K
  class space    used 13241K, committed 13632K, reserved 1048576K
}
Event: 438.346 GC heap after
{Heap after GC invocations=33 (full 1):
 garbage-first heap   total 124928K, used 41568K [0x0000000081200000, 0x0000000100000000)
  region size 1024K, 0 young (0K), 0 survivors (0K)
 Metaspace       used 92623K, committed 93568K, reserved 1179648K
  class space    used 13240K, committed 13632K, reserved 1048576K
}
Event: 446.290 GC heap before
{Heap before GC invocations=33 (full 1):
 garbage-first heap   total 124928K, used 115296K [0x0000000081200000, 0x0000000100000000)
  region size 1024K, 72 young (73728K), 0 survivors (0K)
 Metaspace       used 93127K, committed 94016K, reserved 1179648K
  class space    used 13305K, committed 13696K, reserved 1048576K
}
Event: 446.307 GC heap after
{Heap after GC invocations=34 (full 1):
 garbage-first heap   total 124928K, used 47672K [0x0000000081200000, 0x0000000100000000)
  region size 1024K, 6 young (6144K), 6 survivors (6144K)
 Metaspace       used 93127K, committed 94016K, reserved 1179648K
  class space    used 13305K, committed 13696K, reserved 1048576K
}
Event: 469.055 GC heap before
{Heap before GC invocations=34 (full 1):
 garbage-first heap   total 124928K, used 110136K [0x0000000081200000, 0x0000000100000000)
  region size 1024K, 67 young (68608K), 6 survivors (6144K)
 Metaspace       used 93668K, committed 94592K, reserved 1179648K
  class space    used 13371K, committed 13760K, reserved 1048576K
}
Event: 469.082 GC heap after
{Heap after GC invocations=35 (full 1):
 garbage-first heap   total 124928K, used 50784K [0x0000000081200000, 0x0000000100000000)
  region size 1024K, 4 young (4096K), 4 survivors (4096K)
 Metaspace       used 93668K, committed 94592K, reserved 1179648K
  class space    used 13371K, committed 13760K, reserved 1048576K
}
Event: 481.461 GC heap before
{Heap before GC invocations=35 (full 1):
 garbage-first heap   total 124928K, used 112224K [0x0000000081200000, 0x0000000100000000)
  region size 1024K, 64 young (65536K), 4 survivors (4096K)
 Metaspace       used 94429K, committed 95360K, reserved 1179648K
  class space    used 13456K, committed 13888K, reserved 1048576K
}
Event: 481.488 GC heap after
{Heap after GC invocations=36 (full 1):
 garbage-first heap   total 124928K, used 54655K [0x0000000081200000, 0x0000000100000000)
  region size 1024K, 8 young (8192K), 8 survivors (8192K)
 Metaspace       used 94429K, committed 95360K, reserved 1179648K
  class space    used 13456K, committed 13888K, reserved 1048576K
}
Event: 500.355 GC heap before
{Heap before GC invocations=37 (full 1):
 garbage-first heap   total 124928K, used 106879K [0x0000000081200000, 0x0000000100000000)
  region size 1024K, 60 young (61440K), 8 survivors (8192K)
 Metaspace       used 94188K, committed 95360K, reserved 1179648K
  class space    used 13386K, committed 13888K, reserved 1048576K
}
Event: 500.389 GC heap after
{Heap after GC invocations=38 (full 1):
 garbage-first heap   total 124928K, used 57767K [0x0000000081200000, 0x0000000100000000)
  region size 1024K, 4 young (4096K), 4 survivors (4096K)
 Metaspace       used 94188K, committed 95360K, reserved 1179648K
  class space    used 13386K, committed 13888K, reserved 1048576K
}
Event: 503.830 GC heap before
{Heap before GC invocations=38 (full 1):
 garbage-first heap   total 124928K, used 112039K [0x0000000081200000, 0x0000000100000000)
  region size 1024K, 57 young (58368K), 4 survivors (4096K)
 Metaspace       used 94715K, committed 95616K, reserved 1179648K
  class space    used 13431K, committed 13888K, reserved 1048576K
}
Event: 503.851 GC heap after
{Heap after GC invocations=39 (full 1):
 garbage-first heap   total 124928K, used 59307K [0x0000000081200000, 0x0000000100000000)
  region size 1024K, 6 young (6144K), 6 survivors (6144K)
 Metaspace       used 94715K, committed 95616K, reserved 1179648K
  class space    used 13431K, committed 13888K, reserved 1048576K
}
Event: 847.016 GC heap before
{Heap before GC invocations=39 (full 1):
 garbage-first heap   total 124928K, used 109483K [0x0000000081200000, 0x0000000100000000)
  region size 1024K, 56 young (57344K), 6 survivors (6144K)
 Metaspace       used 94760K, committed 95680K, reserved 1179648K
  class space    used 13435K, committed 13888K, reserved 1048576K
}
Event: 847.025 GC heap after
{Heap after GC invocations=40 (full 1):
 garbage-first heap   total 124928K, used 59745K [0x0000000081200000, 0x0000000100000000)
  region size 1024K, 3 young (3072K), 3 survivors (3072K)
 Metaspace       used 94760K, committed 95680K, reserved 1179648K
  class space    used 13435K, committed 13888K, reserved 1048576K
}
Event: 1234.246 GC heap before
{Heap before GC invocations=40 (full 1):
 garbage-first heap   total 124928K, used 114017K [0x0000000081200000, 0x0000000100000000)
  region size 1024K, 56 young (57344K), 3 survivors (3072K)
 Metaspace       used 94760K, committed 95680K, reserved 1179648K
  class space    used 13435K, committed 13888K, reserved 1048576K
}
Event: 1234.258 GC heap after
{Heap after GC invocations=41 (full 1):
 garbage-first heap   total 124928K, used 59224K [0x0000000081200000, 0x0000000100000000)
  region size 1024K, 3 young (3072K), 3 survivors (3072K)
 Metaspace       used 94760K, committed 95680K, reserved 1179648K
  class space    used 13435K, committed 13888K, reserved 1048576K
}
Event: 1644.569 GC heap before
{Heap before GC invocations=42 (full 1):
 garbage-first heap   total 124928K, used 113496K [0x0000000081200000, 0x0000000100000000)
  region size 1024K, 56 young (57344K), 3 survivors (3072K)
 Metaspace       used 94672K, committed 95680K, reserved 1179648K
  class space    used 13412K, committed 13888K, reserved 1048576K
}
Event: 1644.632 GC heap after
{Heap after GC invocations=43 (full 1):
 garbage-first heap   total 124928K, used 59501K [0x0000000081200000, 0x0000000100000000)
  region size 1024K, 3 young (3072K), 3 survivors (3072K)
 Metaspace       used 94672K, committed 95680K, reserved 1179648K
  class space    used 13412K, committed 13888K, reserved 1048576K
}
Event: 2019.599 GC heap before
{Heap before GC invocations=43 (full 1):
 garbage-first heap   total 124928K, used 113773K [0x0000000081200000, 0x0000000100000000)
  region size 1024K, 56 young (57344K), 3 survivors (3072K)
 Metaspace       used 94672K, committed 95680K, reserved 1179648K
  class space    used 13412K, committed 13888K, reserved 1048576K
}

